<?xml version="1.0" encoding="UTF-8"?>
<!-- Generated by org.testng.reporters.JUnitReportReporter -->
<testsuite skipped="0" hostname="LAPTOP-L3675DRK" name="employeerecordtesting.EmployeeData" tests="1" failures="0" timestamp="16 Dec 2023 11:01:37 GMT" time="11.886" errors="0">
  <testcase name="deleteAnEmployeeRecord" time="11.886" classname="employeerecordtesting.EmployeeData"/>
</testsuite> <!-- employeerecordtesting.EmployeeData -->
